<CoverageSession xmlns:xsd="http://www.w3.org/2001/XMLSchema" xmlns:xsi="http://www.w3.org/2001/XMLSchema-instance">
  <Summary numSequencePoints="11" visitedSequencePoints="5" numBranchPoints="4" visitedBranchPoints="1" sequenceCoverage="45.45454545454545" branchCoverage="25" maxCyclomaticComplexity="0" minCyclomaticComplexity="0" />
  <Modules>
    <Module hash="DE-13-6A-D9-87-CF-EA-B5-02-2E-67-5B-43-CC-23-85-90-19-C6-6B">
      <FullName>sql_server_coverage</FullName>
      <ModuleName>sql_server_coverage</ModuleName>
      <Files>
        <File uid="821577965" fullPath="[dbo].[test_proc]" />
        <File uid="837578022" fullPath="[dbo].[sql_server_coverage_test]" />
        <File uid="1237579447" fullPath="[dbo].[udf_test_function]" />
        <File uid="1253579504" fullPath="[dbo].[sp_test_proc]" />
        <File uid="1269579561" fullPath="[dbo].[sp_sql_server_coverage]" />
      </Files>
      <Classes>
        <Class>
          <Summary numSequencePoints="2" visitedSequencePoints="0" numBranchPoints="0" visitedBranchPoints="0" sequenceCoverage="0" branchCoverage="0" maxCyclomaticComplexity="0" minCyclomaticComplexity="0" />
          <FullName>[dbo].[test_proc]</FullName>
          <Methods>
            <Method visited="false" cyclomaticComplexity="0" sequenceCoverage="0" branchCoverage="0" isConstructor="false" isStatic="false" isGetter="true" isSetter="false">
              <Summary numSequencePoints="2" visitedSequencePoints="0" numBranchPoints="0" visitedBranchPoints="0" sequenceCoverage="0" branchCoverage="0" maxCyclomaticComplexity="0" minCyclomaticComplexity="0" />
              <MetadataToken>01041980</MetadataToken>
              <Name>[dbo].[test_proc]</Name>
              <FileRef uid="821577965" />
              <SequencePoints>
                <SequencePoint vc="0" uspid="1" ordinal="1" offset="40" sl="4" sc="1" el="4" ec="30" />
                <SequencePoint vc="0" uspid="2" ordinal="2" offset="72" sl="5" sc="1" el="5" ec="30" />
              </SequencePoints>
              <BranchPoints />
            </Method>
          </Methods>
        </Class>
        <Class>
          <Summary numSequencePoints="3" visitedSequencePoints="0" numBranchPoints="2" visitedBranchPoints="0" sequenceCoverage="0" branchCoverage="0" maxCyclomaticComplexity="0" minCyclomaticComplexity="0" />
          <FullName>[dbo].[sql_server_coverage_test]</FullName>
          <Methods>
            <Method visited="false" cyclomaticComplexity="0" sequenceCoverage="0" branchCoverage="0" isConstructor="false" isStatic="false" isGetter="true" isSetter="false">
              <Summary numSequencePoints="3" visitedSequencePoints="0" numBranchPoints="2" visitedBranchPoints="0" sequenceCoverage="0" branchCoverage="0" maxCyclomaticComplexity="0" minCyclomaticComplexity="0" />
              <MetadataToken>01041980</MetadataToken>
              <Name>[dbo].[sql_server_coverage_test]</Name>
              <FileRef uid="837578022" />
              <SequencePoints>
                <SequencePoint vc="0" uspid="3" ordinal="1" offset="76" sl="5" sc="1" el="5" ec="12" />
                <SequencePoint vc="0" uspid="4" ordinal="2" offset="99" sl="7" sc="2" el="7" ec="24" />
                <SequencePoint vc="0" uspid="5" ordinal="3" offset="146" sl="11" sc="2" el="11" ec="19" />
              </SequencePoints>
              <BranchPoints>
                <BranchPoint vc="0" uspid="6" ordinal="1" offset="90" sl="5" path="0" offsetchain="" offsetend="127" />
                <BranchPoint vc="0" uspid="7" ordinal="2" offset="137" sl="5" path="1" offsetchain="" offsetend="169" />
              </BranchPoints>
            </Method>
          </Methods>
        </Class>
        <Class>
          <Summary numSequencePoints="1" visitedSequencePoints="1" numBranchPoints="0" visitedBranchPoints="0" sequenceCoverage="100" branchCoverage="0" maxCyclomaticComplexity="0" minCyclomaticComplexity="0" />
          <FullName>[dbo].[udf_test_function]</FullName>
          <Methods>
            <Method visited="true" cyclomaticComplexity="0" sequenceCoverage="100" branchCoverage="0" isConstructor="false" isStatic="false" isGetter="true" isSetter="false">
              <Summary numSequencePoints="1" visitedSequencePoints="1" numBranchPoints="0" visitedBranchPoints="0" sequenceCoverage="100" branchCoverage="0" maxCyclomaticComplexity="0" minCyclomaticComplexity="0" />
              <MetadataToken>01041980</MetadataToken>
              <Name>[dbo].[udf_test_function]</Name>
              <FileRef uid="1237579447" />
              <SequencePoints>
                <SequencePoint vc="1" uspid="8" ordinal="1" offset="70" sl="6" sc="1" el="6" ec="17" />
              </SequencePoints>
              <BranchPoints />
            </Method>
          </Methods>
        </Class>
        <Class>
          <Summary numSequencePoints="2" visitedSequencePoints="2" numBranchPoints="0" visitedBranchPoints="0" sequenceCoverage="100" branchCoverage="0" maxCyclomaticComplexity="0" minCyclomaticComplexity="0" />
          <FullName>[dbo].[sp_test_proc]</FullName>
          <Methods>
            <Method visited="true" cyclomaticComplexity="0" sequenceCoverage="100" branchCoverage="0" isConstructor="false" isStatic="false" isGetter="true" isSetter="false">
              <Summary numSequencePoints="2" visitedSequencePoints="2" numBranchPoints="0" visitedBranchPoints="0" sequenceCoverage="100" branchCoverage="0" maxCyclomaticComplexity="0" minCyclomaticComplexity="0" />
              <MetadataToken>01041980</MetadataToken>
              <Name>[dbo].[sp_test_proc]</Name>
              <FileRef uid="1253579504" />
              <SequencePoints>
                <SequencePoint vc="1" uspid="9" ordinal="1" offset="43" sl="4" sc="1" el="4" ec="30" />
                <SequencePoint vc="1" uspid="10" ordinal="2" offset="75" sl="5" sc="1" el="5" ec="30" />
              </SequencePoints>
              <BranchPoints />
            </Method>
          </Methods>
        </Class>
        <Class>
          <Summary numSequencePoints="3" visitedSequencePoints="2" numBranchPoints="2" visitedBranchPoints="1" sequenceCoverage="66.66666666666666" branchCoverage="50" maxCyclomaticComplexity="0" minCyclomaticComplexity="0" />
          <FullName>[dbo].[sp_sql_server_coverage]</FullName>
          <Methods>
            <Method visited="true" cyclomaticComplexity="0" sequenceCoverage="66.66666666666666" branchCoverage="50" isConstructor="false" isStatic="false" isGetter="true" isSetter="false">
              <Summary numSequencePoints="3" visitedSequencePoints="2" numBranchPoints="2" visitedBranchPoints="1" sequenceCoverage="66.66666666666666" branchCoverage="50" maxCyclomaticComplexity="0" minCyclomaticComplexity="0" />
              <MetadataToken>01041980</MetadataToken>
              <Name>[dbo].[sp_sql_server_coverage]</Name>
              <FileRef uid="1269579561" />
              <SequencePoints>
                <SequencePoint vc="1" uspid="11" ordinal="1" offset="72" sl="4" sc="1" el="4" ec="12" />
                <SequencePoint vc="0" uspid="12" ordinal="2" offset="95" sl="6" sc="2" el="6" ec="24" />
                <SequencePoint vc="1" uspid="13" ordinal="3" offset="142" sl="10" sc="2" el="10" ec="19" />
              </SequencePoints>
              <BranchPoints>
                <BranchPoint vc="0" uspid="14" ordinal="1" offset="86" sl="4" path="0" offsetchain="" offsetend="123" />
                <BranchPoint vc="1" uspid="15" ordinal="2" offset="133" sl="4" path="1" offsetchain="" offsetend="165" />
              </BranchPoints>
            </Method>
          </Methods>
        </Class>
      </Classes>
    </Module>
  </Modules>
</CoverageSession>